# JRE version: Java(TM) SE Runtime Environment (8.0_11-b12) (build 1.8.0_11-b12)
# Java VM: Java HotSpot(TM) 64-Bit Server VM (25.11-b03 mixed mode windows-amd64 compressed oops)
Heap:
 PSYoungGen      total 119808K, used 77809K [0x00000000eab00000, 0x00000000f3200000, 0x0000000100000000)
  eden space 105984K, 61% used [0x00000000eab00000,0x00000000eeb2a570,0x00000000f1280000)
  from space 13824K, 87% used [0x00000000f2180000,0x00000000f2d521b0,0x00000000f2f00000)
  to   space 15360K, 0% used [0x00000000f1280000,0x00000000f1280000,0x00000000f2180000)
 ParOldGen       total 129536K, used 53599K [0x00000000c0000000, 0x00000000c7e80000, 0x00000000eab00000)
  object space 129536K, 41% used [0x00000000c0000000,0x00000000c3457cb8,0x00000000c7e80000)
 Metaspace       used 5893K, capacity 7088K, committed 7296K, reserved 1056768K
  class space    used 580K, capacity 616K, committed 640K, reserved 1048576K
GC Heap History (10 events):
Event: 4.182 GC heap before
{Heap before GC invocations=16 (full 0):
 PSYoungGen      total 39424K, used 39414K [0x00000000eab00000, 0x00000000eee80000, 0x0000000100000000)
  eden space 34816K, 100% used [0x00000000eab00000,0x00000000ecd00000,0x00000000ecd00000)
  from space 4608K, 99% used [0x00000000ecd00000,0x00000000ed17d900,0x00000000ed180000)
  to   space 6656K, 0% used [0x00000000ee800000,0x00000000ee800000,0x00000000eee80000)
 ParOldGen       total 129536K, used 16548K [0x00000000c0000000, 0x00000000c7e80000, 0x00000000eab00000)
  object space 129536K, 12% used [0x00000000c0000000,0x00000000c10291d0,0x00000000c7e80000)
 Metaspace       used 5726K, capacity 6960K, committed 7040K, reserved 1056768K
  class space    used 574K, capacity 616K, committed 640K, reserved 1048576K
Event: 4.227 GC heap after
Heap after GC invocations=16 (full 0):
 PSYoungGen      total 61952K, used 4807K [0x00000000eab00000, 0x00000000eef80000, 0x0000000100000000)
  eden space 55296K, 0% used [0x00000000eab00000,0x00000000eab00000,0x00000000ee100000)
  from space 6656K, 72% used [0x00000000ee800000,0x00000000eecb1df8,0x00000000eee80000)
  to   space 7168K, 0% used [0x00000000ee100000,0x00000000ee100000,0x00000000ee800000)
 ParOldGen       total 129536K, used 21026K [0x00000000c0000000, 0x00000000c7e80000, 0x00000000eab00000)
  object space 129536K, 16% used [0x00000000c0000000,0x00000000c1488b80,0x00000000c7e80000)
 Metaspace       used 5726K, capacity 6960K, committed 7040K, reserved 1056768K
  class space    used 574K, capacity 616K, committed 640K, reserved 1048576K
}
Event: 8.179 GC heap before
{Heap before GC invocations=17 (full 0):
 PSYoungGen      total 61952K, used 60103K [0x00000000eab00000, 0x00000000eef80000, 0x0000000100000000)
  eden space 55296K, 100% used [0x00000000eab00000,0x00000000ee100000,0x00000000ee100000)
  from space 6656K, 72% used [0x00000000ee800000,0x00000000eecb1df8,0x00000000eee80000)
  to   space 7168K, 0% used [0x00000000ee100000,0x00000000ee100000,0x00000000ee800000)
 ParOldGen       total 129536K, used 21026K [0x00000000c0000000, 0x00000000c7e80000, 0x00000000eab00000)
  object space 129536K, 16% used [0x00000000c0000000,0x00000000c1488b80,0x00000000c7e80000)
 Metaspace       used 5767K, capacity 6960K, committed 7040K, reserved 1056768K
  class space    used 574K, capacity 616K, committed 640K, reserved 1048576K
Event: 9.071 GC heap after
Heap after GC invocations=17 (full 0):
 PSYoungGen      total 62464K, used 7154K [0x00000000eab00000, 0x00000000f0c00000, 0x0000000100000000)
  eden space 55296K, 0% used [0x00000000eab00000,0x00000000eab00000,0x00000000ee100000)
  from space 7168K, 99% used [0x00000000ee100000,0x00000000ee7fc940,0x00000000ee800000)
  to   space 10752K, 0% used [0x00000000f0180000,0x00000000f0180000,0x00000000f0c00000)
 ParOldGen       total 129536K, used 27720K [0x00000000c0000000, 0x00000000c7e80000, 0x00000000eab00000)
  object space 129536K, 21% used [0x00000000c0000000,0x00000000c1b120b0,0x00000000c7e80000)
 Metaspace       used 5767K, capacity 6960K, committed 7040K, reserved 1056768K
  class space    used 574K, capacity 616K, committed 640K, reserved 1048576K
}
Event: 9.301 GC heap before
{Heap before GC invocations=18 (full 0):
 PSYoungGen      total 62464K, used 62450K [0x00000000eab00000, 0x00000000f0c00000, 0x0000000100000000)
  eden space 55296K, 100% used [0x00000000eab00000,0x00000000ee100000,0x00000000ee100000)
  from space 7168K, 99% used [0x00000000ee100000,0x00000000ee7fc940,0x00000000ee800000)
  to   space 10752K, 0% used [0x00000000f0180000,0x00000000f0180000,0x00000000f0c00000)
 ParOldGen       total 129536K, used 27720K [0x00000000c0000000, 0x00000000c7e80000, 0x00000000eab00000)
  object space 129536K, 21% used [0x00000000c0000000,0x00000000c1b120b0,0x00000000c7e80000)
 Metaspace       used 5777K, capacity 7024K, committed 7296K, reserved 1056768K
  class space    used 574K, capacity 616K, committed 640K, reserved 1048576K
Event: 9.322 GC heap after
Heap after GC invocations=18 (full 0):
 PSYoungGen      total 87552K, used 8560K [0x00000000eab00000, 0x00000000f0e00000, 0x0000000100000000)
  eden space 76800K, 0% used [0x00000000eab00000,0x00000000eab00000,0x00000000ef600000)
  from space 10752K, 79% used [0x00000000f0180000,0x00000000f09dc010,0x00000000f0c00000)
  to   space 11776K, 0% used [0x00000000ef600000,0x00000000ef600000,0x00000000f0180000)
 ParOldGen       total 129536K, used 34930K [0x00000000c0000000, 0x00000000c7e80000, 0x00000000eab00000)
  object space 129536K, 26% used [0x00000000c0000000,0x00000000c221c980,0x00000000c7e80000)
 Metaspace       used 5777K, capacity 7024K, committed 7296K, reserved 1056768K
  class space    used 574K, capacity 616K, committed 640K, reserved 1048576K
}
Event: 9.585 GC heap before
{Heap before GC invocations=19 (full 0):
 PSYoungGen      total 87552K, used 85360K [0x00000000eab00000, 0x00000000f0e00000, 0x0000000100000000)
  eden space 76800K, 100% used [0x00000000eab00000,0x00000000ef600000,0x00000000ef600000)
  from space 10752K, 79% used [0x00000000f0180000,0x00000000f09dc010,0x00000000f0c00000)
  to   space 11776K, 0% used [0x00000000ef600000,0x00000000ef600000,0x00000000f0180000)
 ParOldGen       total 129536K, used 34930K [0x00000000c0000000, 0x00000000c7e80000, 0x00000000eab00000)
  object space 129536K, 26% used [0x00000000c0000000,0x00000000c221c980,0x00000000c7e80000)
 Metaspace       used 5782K, capacity 7024K, committed 7296K, reserved 1056768K
  class space    used 574K, capacity 616K, committed 640K, reserved 1048576K
Event: 9.851 GC heap after
Heap after GC invocations=19 (full 0):
 PSYoungGen      total 88576K, used 10876K [0x00000000eab00000, 0x00000000f2f00000, 0x0000000100000000)
  eden space 76800K, 0% used [0x00000000eab00000,0x00000000eab00000,0x00000000ef600000)
  from space 11776K, 92% used [0x00000000ef600000,0x00000000f009f2d8,0x00000000f0180000)
  to   space 13824K, 0% used [0x00000000f2180000,0x00000000f2180000,0x00000000f2f00000)
 ParOldGen       total 129536K, used 43146K [0x00000000c0000000, 0x00000000c7e80000, 0x00000000eab00000)
  object space 129536K, 33% used [0x00000000c0000000,0x00000000c2a22a50,0x00000000c7e80000)
 Metaspace       used 5782K, capacity 7024K, committed 7296K, reserved 1056768K
  class space    used 574K, capacity 616K, committed 640K, reserved 1048576K
}
Event: 10.129 GC heap before
{Heap before GC invocations=20 (full 0):
 PSYoungGen      total 88576K, used 87676K [0x00000000eab00000, 0x00000000f2f00000, 0x0000000100000000)
  eden space 76800K, 100% used [0x00000000eab00000,0x00000000ef600000,0x00000000ef600000)
  from space 11776K, 92% used [0x00000000ef600000,0x00000000f009f2d8,0x00000000f0180000)
  to   space 13824K, 0% used [0x00000000f2180000,0x00000000f2180000,0x00000000f2f00000)
 ParOldGen       total 129536K, used 43146K [0x00000000c0000000, 0x00000000c7e80000, 0x00000000eab00000)
  object space 129536K, 33% used [0x00000000c0000000,0x00000000c2a22a50,0x00000000c7e80000)
 Metaspace       used 5785K, capacity 7024K, committed 7296K, reserved 1056768K
  class space    used 574K, capacity 616K, committed 640K, reserved 1048576K
Event: 10.273 GC heap after
Heap after GC invocations=20 (full 0):
 PSYoungGen      total 119808K, used 12104K [0x00000000eab00000, 0x00000000f3200000, 0x0000000100000000)
  eden space 105984K, 0% used [0x00000000eab00000,0x00000000eab00000,0x00000000f1280000)
  from space 13824K, 87% used [0x00000000f2180000,0x00000000f2d521b0,0x00000000f2f00000)
  to   space 15360K, 0% used [0x00000000f1280000,0x00000000f1280000,0x00000000f2180000)
 ParOldGen       total 129536K, used 53599K [0x00000000c0000000, 0x00000000c7e80000, 0x00000000eab00000)
  object space 129536K, 41% used [0x00000000c0000000,0x00000000c3457cb8,0x00000000c7e80000)
 Metaspace       used 5785K, capacity 7024K, committed 7296K, reserved 1056768K
  class space    used 574K, capacity 616K, committed 640K, reserved 1048576K
}

